Using pre-set license
Built from '2021.3/staging' branch; Version is '2021.3.18f1 (3129e69bc0c7) revision 3221990'; Using compiler version '192829333'; Build Type 'Release'
OS: 'Windows 11  (10.0.22623) 64bit Professional' Language: 'en' Physical Memory: 15715 MB
BatchMode: 1, IsHumanControllingUs: 0, StartBugReporterOnCrash: 0, Is64bit: 1, IsPro: 1

COMMAND LINE ARGUMENTS:
C:\Program Files\Unity\Hub\Editor\2021.3.18f1\Editor\Unity.exe
-adb2
-batchMode
-noUpm
-name
AssetImportWorker0
-projectPath
C:/Users/macyc/Downloads/FYP-GIB3-Legolization-using-Lego-Plates
-logFile
Logs/AssetImportWorker0.log
-srvPort
65038
Successfully changed project path to: C:/Users/macyc/Downloads/FYP-GIB3-Legolization-using-Lego-Plates
C:/Users/macyc/Downloads/FYP-GIB3-Legolization-using-Lego-Plates
[UnityMemory] Configuration Parameters - Can be set up in boot.config
    "memorysetup-bucket-allocator-granularity=16"
    "memorysetup-bucket-allocator-bucket-count=8"
    "memorysetup-bucket-allocator-block-size=33554432"
    "memorysetup-bucket-allocator-block-count=8"
    "memorysetup-main-allocator-block-size=16777216"
    "memorysetup-thread-allocator-block-size=16777216"
    "memorysetup-gfx-main-allocator-block-size=16777216"
    "memorysetup-gfx-thread-allocator-block-size=16777216"
    "memorysetup-cache-allocator-block-size=4194304"
    "memorysetup-typetree-allocator-block-size=2097152"
    "memorysetup-profiler-bucket-allocator-granularity=16"
    "memorysetup-profiler-bucket-allocator-bucket-count=8"
    "memorysetup-profiler-bucket-allocator-block-size=33554432"
    "memorysetup-profiler-bucket-allocator-block-count=8"
    "memorysetup-profiler-allocator-block-size=16777216"
    "memorysetup-profiler-editor-allocator-block-size=1048576"
    "memorysetup-temp-allocator-size-main=16777216"
    "memorysetup-job-temp-allocator-block-size=2097152"
    "memorysetup-job-temp-allocator-block-size-background=1048576"
    "memorysetup-job-temp-allocator-reduction-small-platforms=262144"
    "memorysetup-temp-allocator-size-background-worker=32768"
    "memorysetup-temp-allocator-size-job-worker=262144"
    "memorysetup-temp-allocator-size-preload-manager=33554432"
    "memorysetup-temp-allocator-size-nav-mesh-worker=65536"
    "memorysetup-temp-allocator-size-audio-worker=65536"
    "memorysetup-temp-allocator-size-cloud-worker=32768"
    "memorysetup-temp-allocator-size-gi-baking-worker=262144"
    "memorysetup-temp-allocator-size-gfx=262144"
Player connection [7048] Host "[IP] 10.89.131.169 [Port] 0 [Flags] 2 [Guid] 2128805491 [EditorId] 2128805491 [Version] 1048832 [Id] WindowsEditor(7,HP) [Debug] 1 [PackageName] WindowsEditor [ProjectName] Editor" joined multi-casting on [225.0.0.222:54997]...

Player connection [7048] Host "[IP] 10.89.131.169 [Port] 0 [Flags] 2 [Guid] 2128805491 [EditorId] 2128805491 [Version] 1048832 [Id] WindowsEditor(7,HP) [Debug] 1 [PackageName] WindowsEditor [ProjectName] Editor" joined alternative multi-casting on [225.0.0.222:34997]...

Refreshing native plugins compatible for Editor in 108.31 ms, found 5 plugins.
Preloading 0 native plugins for Editor in 0.00 ms.
Initialize engine version: 2021.3.18f1 (3129e69bc0c7)
[Subsystems] Discovering subsystems at path C:/Program Files/Unity/Hub/Editor/2021.3.18f1/Editor/Data/Resources/UnitySubsystems
[Subsystems] Discovering subsystems at path C:/Users/macyc/Downloads/FYP-GIB3-Legolization-using-Lego-Plates/Assets
GfxDevice: creating device client; threaded=0; jobified=0
Direct3D:
    Version:  Direct3D 11.0 [level 11.1]
    Renderer: AMD Radeon(TM) Graphics (ID=0x1638)
    Vendor:   ATI
    VRAM:     7857 MB
    Driver:   30.0.13044.0
Initialize mono
Mono path[0] = 'C:/Program Files/Unity/Hub/Editor/2021.3.18f1/Editor/Data/Managed'
Mono path[1] = 'C:/Program Files/Unity/Hub/Editor/2021.3.18f1/Editor/Data/MonoBleedingEdge/lib/mono/unityjit-win32'
Mono config path = 'C:/Program Files/Unity/Hub/Editor/2021.3.18f1/Editor/Data/MonoBleedingEdge/etc'
Using monoOptions --debugger-agent=transport=dt_socket,embedding=1,server=y,suspend=n,address=127.0.0.1:56824
Begin MonoManager ReloadAssembly
Registering precompiled unity dll's ...
Register platform support module: C:/Program Files/Unity/Hub/Editor/2021.3.18f1/Editor/Data/PlaybackEngines/WebGLSupport/UnityEditor.WebGL.Extensions.dll
Register platform support module: C:/Program Files/Unity/Hub/Editor/2021.3.18f1/Editor/Data/PlaybackEngines/WindowsStandaloneSupport/UnityEditor.WindowsStandalone.Extensions.dll
Registered in 0.009468 seconds.
Native extension for WindowsStandalone target not found
Native extension for WebGL target not found
Refreshing native plugins compatible for Editor in 77.95 ms, found 5 plugins.
Preloading 0 native plugins for Editor in 0.00 ms.
Mono: successfully reloaded assembly
- Completed reload, in  0.975 seconds
Domain Reload Profiling:
	ReloadAssembly (976ms)
		BeginReloadAssembly (90ms)
			ExecutionOrderSort (0ms)
			DisableScriptedObjects (0ms)
			BackupInstance (0ms)
			ReleaseScriptingObjects (0ms)
			CreateAndSetChildDomain (1ms)
		EndReloadAssembly (770ms)
			LoadAssemblies (87ms)
			RebuildTransferFunctionScriptingTraits (0ms)
			SetupTypeCache (101ms)
			ReleaseScriptCaches (0ms)
			RebuildScriptCaches (34ms)
			SetupLoadedEditorAssemblies (260ms)
				LogAssemblyErrors (0ms)
				InitializePlatformSupportModulesInManaged (12ms)
				SetLoadedEditorAssemblies (0ms)
				RefreshPlugins (78ms)
				BeforeProcessingInitializeOnLoad (1ms)
				ProcessInitializeOnLoadAttributes (123ms)
				ProcessInitializeOnLoadMethodAttributes (45ms)
				AfterProcessingInitializeOnLoad (0ms)
				EditorAssembliesLoaded (0ms)
			ExecutionOrderSort2 (0ms)
			AwakeInstancesAfterBackupRestoration (0ms)
Platform modules already initialized, skipping
Registering precompiled user dll's ...
Registered in 0.016720 seconds.
Begin MonoManager ReloadAssembly
Symbol file LoadedFromMemory doesn't match image C:\Users\macyc\Downloads\FYP-GIB3-Legolization-using-Lego-Plates\Library\PackageCache\com.unity.visualscripting@1.8.0\Editor\VisualScripting.Core\Dependencies\YamlDotNet\Unity.VisualScripting.YamlDotNet.dll
Symbol file LoadedFromMemory doesn't match image C:\Users\macyc\Downloads\FYP-GIB3-Legolization-using-Lego-Plates\Library\PackageCache\com.unity.visualscripting@1.8.0\Editor\VisualScripting.Core\Dependencies\DotNetZip\Unity.VisualScripting.IonicZip.dll
Native extension for WindowsStandalone target not found
Native extension for WebGL target not found
Refreshing native plugins compatible for Editor in 0.91 ms, found 5 plugins.
Preloading 0 native plugins for Editor in 0.00 ms.
DisplayProgressbar: Restoring NuGet Packages
Mono: successfully reloaded assembly
- Completed reload, in  1.751 seconds
Domain Reload Profiling:
	ReloadAssembly (1752ms)
		BeginReloadAssembly (474ms)
			ExecutionOrderSort (0ms)
			DisableScriptedObjects (7ms)
			BackupInstance (0ms)
			ReleaseScriptingObjects (0ms)
			CreateAndSetChildDomain (42ms)
		EndReloadAssembly (1144ms)
			LoadAssemblies (246ms)
			RebuildTransferFunctionScriptingTraits (0ms)
			SetupTypeCache (331ms)
			ReleaseScriptCaches (1ms)
			RebuildScriptCaches (65ms)
			SetupLoadedEditorAssemblies (568ms)
				LogAssemblyErrors (0ms)
				InitializePlatformSupportModulesInManaged (9ms)
				SetLoadedEditorAssemblies (1ms)
				RefreshPlugins (1ms)
				BeforeProcessingInitializeOnLoad (122ms)
				ProcessInitializeOnLoadAttributes (401ms)
				ProcessInitializeOnLoadMethodAttributes (24ms)
				AfterProcessingInitializeOnLoad (11ms)
				EditorAssembliesLoaded (0ms)
			ExecutionOrderSort2 (0ms)
			AwakeInstancesAfterBackupRestoration (8ms)
Platform modules already initialized, skipping
========================================================================
Worker process is ready to serve import requests
Launched and connected shader compiler UnityShaderCompiler.exe after 0.08 seconds
Refreshing native plugins compatible for Editor in 0.92 ms, found 5 plugins.
Preloading 0 native plugins for Editor in 0.00 ms.
Unloading 3331 Unused Serialized files (Serialized files now loaded: 0)
Unloading 61 unused Assets / (272.5 KB). Loaded Objects now: 3811.
Memory consumption went from 124.8 MB to 124.5 MB.
Total: 5.057100 ms (FindLiveObjects: 0.606800 ms CreateObjectMapping: 0.367600 ms MarkObjects: 3.869100 ms  DeleteObjects: 0.211700 ms)

AssetImportParameters requested are different than current active one (requested -> active):
  custom:video-decoder-ogg-theora: a1e56fd34408186e4bbccfd4996cb3dc -> 
  custom:container-muxer-webm: aa71ff27fc2769a1b78a27578f13a17b -> 
  custom:container-demuxer-webm: 4f35f7cbe854078d1ac9338744f61a02 -> 
  custom:video-encoder-webm-vp8: eb34c28f22e8b96e1ab97ce403110664 -> 
  custom:video-codec-MediaFoundation-h265: 746d11721c4dcdbdad8f713fa42b33f4 -> 
  custom:audio-encoder-webm-vorbis: bf7c407c2cedff20999df2af8eb42d56 -> 
  custom:framework-win-MediaFoundation: 216162199b28c13a410421893ffa2e32 -> 
  custom:container-demuxer-ogg: 62fdf1f143b41e24485cea50d1cbac27 -> 
  custom:video-decoder-webm-vp8: 9c59270c3fd7afecdb556c50c9e8de78 -> 
  custom:audio-decoder-ogg-vorbis: bf7c407c2cedff20999df2af8eb42d56 -> 
========================================================================
Received Import Request.
  Time since last request: 2095.241184 seconds.
  path: Assets/Voxelizer/Scripts/CPUVoxelizer.cs
  artifactKey: Guid(94873d8d1f5f6674f9eeca86f7fc98ac) Importer(815301076,1909f56bfc062723c751e8b465ee728b)
Start importing Assets/Voxelizer/Scripts/CPUVoxelizer.cs using Guid(94873d8d1f5f6674f9eeca86f7fc98ac) Importer(815301076,1909f56bfc062723c751e8b465ee728b)  -> (artifact id: 'de34fc4117872d64b3b483271940aeca') in 0.037879 seconds 
========================================================================
Received Import Request.
  Time since last request: 0.000039 seconds.
  path: Assets/Voxelizer/Scripts/GPUVoxelizer.cs
  artifactKey: Guid(210c7cf8506064102b21ab6e410cbd5b) Importer(815301076,1909f56bfc062723c751e8b465ee728b)
Start importing Assets/Voxelizer/Scripts/GPUVoxelizer.cs using Guid(210c7cf8506064102b21ab6e410cbd5b) Importer(815301076,1909f56bfc062723c751e8b465ee728b)  -> (artifact id: '56e61e9bd3cbdfb6f6ae8e5a24f28491') in 0.002694 seconds 
========================================================================
Received Import Request.
  Time since last request: 336.886408 seconds.
  path: Assets/Voxelizer/Scripts/GPUVoxelizer.cs
  artifactKey: Guid(210c7cf8506064102b21ab6e410cbd5b) Importer(815301076,1909f56bfc062723c751e8b465ee728b)
Start importing Assets/Voxelizer/Scripts/GPUVoxelizer.cs using Guid(210c7cf8506064102b21ab6e410cbd5b) Importer(815301076,1909f56bfc062723c751e8b465ee728b)  -> (artifact id: '787e7601f8050958adbd8eb5147b0568') in 0.002784 seconds 
========================================================================
Received Import Request.
  Time since last request: 14.755921 seconds.
  path: Assets/Voxelizer/Scripts/GPUVoxelizer.cs
  artifactKey: Guid(210c7cf8506064102b21ab6e410cbd5b) Importer(815301076,1909f56bfc062723c751e8b465ee728b)
Start importing Assets/Voxelizer/Scripts/GPUVoxelizer.cs using Guid(210c7cf8506064102b21ab6e410cbd5b) Importer(815301076,1909f56bfc062723c751e8b465ee728b)  -> (artifact id: '9f52637fd2deec5ace2fe8f77b117d25') in 0.075040 seconds 
========================================================================
Received Prepare
Registering precompiled user dll's ...
Registered in 0.014768 seconds.
Begin MonoManager ReloadAssembly
Symbol file LoadedFromMemory doesn't match image C:\Users\macyc\Downloads\FYP-GIB3-Legolization-using-Lego-Plates\Library\PackageCache\com.unity.visualscripting@1.8.0\Editor\VisualScripting.Core\Dependencies\YamlDotNet\Unity.VisualScripting.YamlDotNet.dll
Symbol file LoadedFromMemory doesn't match image C:\Users\macyc\Downloads\FYP-GIB3-Legolization-using-Lego-Plates\Library\PackageCache\com.unity.visualscripting@1.8.0\Editor\VisualScripting.Core\Dependencies\DotNetZip\Unity.VisualScripting.IonicZip.dll
Native extension for WindowsStandalone target not found
Native extension for WebGL target not found
Refreshing native plugins compatible for Editor in 0.91 ms, found 5 plugins.
Preloading 0 native plugins for Editor in 0.00 ms.
Mono: successfully reloaded assembly
- Completed reload, in  1.618 seconds
Domain Reload Profiling:
	ReloadAssembly (1619ms)
		BeginReloadAssembly (137ms)
			ExecutionOrderSort (0ms)
			DisableScriptedObjects (4ms)
			BackupInstance (0ms)
			ReleaseScriptingObjects (0ms)
			CreateAndSetChildDomain (39ms)
		EndReloadAssembly (1381ms)
			LoadAssemblies (370ms)
			RebuildTransferFunctionScriptingTraits (0ms)
			SetupTypeCache (261ms)
			ReleaseScriptCaches (1ms)
			RebuildScriptCaches (37ms)
			SetupLoadedEditorAssemblies (634ms)
				LogAssemblyErrors (0ms)
				InitializePlatformSupportModulesInManaged (14ms)
				SetLoadedEditorAssemblies (0ms)
				RefreshPlugins (1ms)
				BeforeProcessingInitializeOnLoad (71ms)
				ProcessInitializeOnLoadAttributes (519ms)
				ProcessInitializeOnLoadMethodAttributes (19ms)
				AfterProcessingInitializeOnLoad (9ms)
				EditorAssembliesLoaded (0ms)
			ExecutionOrderSort2 (0ms)
			AwakeInstancesAfterBackupRestoration (7ms)
Platform modules already initialized, skipping
Refreshing native plugins compatible for Editor in 3.35 ms, found 5 plugins.
Preloading 0 native plugins for Editor in 0.00 ms.
Unloading 3294 Unused Serialized files (Serialized files now loaded: 0)
Unloading 42 unused Assets / (238.2 KB). Loaded Objects now: 3826.
Memory consumption went from 121.2 MB to 121.0 MB.
Total: 3.053100 ms (FindLiveObjects: 0.267500 ms CreateObjectMapping: 0.107400 ms MarkObjects: 2.611400 ms  DeleteObjects: 0.066100 ms)

AssetImportParameters requested are different than current active one (requested -> active):
  custom:video-decoder-ogg-theora: a1e56fd34408186e4bbccfd4996cb3dc -> 
  custom:container-muxer-webm: aa71ff27fc2769a1b78a27578f13a17b -> 
  custom:container-demuxer-webm: 4f35f7cbe854078d1ac9338744f61a02 -> 
  custom:video-encoder-webm-vp8: eb34c28f22e8b96e1ab97ce403110664 -> 
  custom:video-codec-MediaFoundation-h265: 746d11721c4dcdbdad8f713fa42b33f4 -> 
  custom:audio-encoder-webm-vorbis: bf7c407c2cedff20999df2af8eb42d56 -> 
  custom:framework-win-MediaFoundation: 216162199b28c13a410421893ffa2e32 -> 
  custom:container-demuxer-ogg: 62fdf1f143b41e24485cea50d1cbac27 -> 
  custom:video-decoder-webm-vp8: 9c59270c3fd7afecdb556c50c9e8de78 -> 
  custom:audio-decoder-ogg-vorbis: bf7c407c2cedff20999df2af8eb42d56 -> 
========================================================================
Received Prepare
Registering precompiled user dll's ...
Registered in 0.016162 seconds.
Begin MonoManager ReloadAssembly
Symbol file LoadedFromMemory doesn't match image C:\Users\macyc\Downloads\FYP-GIB3-Legolization-using-Lego-Plates\Library\PackageCache\com.unity.visualscripting@1.8.0\Editor\VisualScripting.Core\Dependencies\YamlDotNet\Unity.VisualScripting.YamlDotNet.dll
Symbol file LoadedFromMemory doesn't match image C:\Users\macyc\Downloads\FYP-GIB3-Legolization-using-Lego-Plates\Library\PackageCache\com.unity.visualscripting@1.8.0\Editor\VisualScripting.Core\Dependencies\DotNetZip\Unity.VisualScripting.IonicZip.dll
Native extension for WindowsStandalone target not found
Native extension for WebGL target not found
Refreshing native plugins compatible for Editor in 0.80 ms, found 5 plugins.
Preloading 0 native plugins for Editor in 0.00 ms.
Mono: successfully reloaded assembly
- Completed reload, in  1.848 seconds
Domain Reload Profiling:
	ReloadAssembly (1849ms)
		BeginReloadAssembly (137ms)
			ExecutionOrderSort (0ms)
			DisableScriptedObjects (6ms)
			BackupInstance (0ms)
			ReleaseScriptingObjects (0ms)
			CreateAndSetChildDomain (41ms)
		EndReloadAssembly (1618ms)
			LoadAssemblies (86ms)
			RebuildTransferFunctionScriptingTraits (0ms)
			SetupTypeCache (692ms)
			ReleaseScriptCaches (3ms)
			RebuildScriptCaches (75ms)
			SetupLoadedEditorAssemblies (346ms)
				LogAssemblyErrors (0ms)
				InitializePlatformSupportModulesInManaged (16ms)
				SetLoadedEditorAssemblies (0ms)
				RefreshPlugins (1ms)
				BeforeProcessingInitializeOnLoad (71ms)
				ProcessInitializeOnLoadAttributes (226ms)
				ProcessInitializeOnLoadMethodAttributes (22ms)
				AfterProcessingInitializeOnLoad (11ms)
				EditorAssembliesLoaded (0ms)
			ExecutionOrderSort2 (0ms)
			AwakeInstancesAfterBackupRestoration (7ms)
Platform modules already initialized, skipping
Refreshing native plugins compatible for Editor in 3.18 ms, found 5 plugins.
Preloading 0 native plugins for Editor in 0.00 ms.
Unloading 3294 Unused Serialized files (Serialized files now loaded: 0)
Unloading 42 unused Assets / (238.2 KB). Loaded Objects now: 3841.
Memory consumption went from 121.2 MB to 121.0 MB.
Total: 2.799200 ms (FindLiveObjects: 0.245900 ms CreateObjectMapping: 0.103600 ms MarkObjects: 2.382600 ms  DeleteObjects: 0.065700 ms)

AssetImportParameters requested are different than current active one (requested -> active):
  custom:video-decoder-ogg-theora: a1e56fd34408186e4bbccfd4996cb3dc -> 
  custom:container-muxer-webm: aa71ff27fc2769a1b78a27578f13a17b -> 
  custom:container-demuxer-webm: 4f35f7cbe854078d1ac9338744f61a02 -> 
  custom:video-encoder-webm-vp8: eb34c28f22e8b96e1ab97ce403110664 -> 
  custom:video-codec-MediaFoundation-h265: 746d11721c4dcdbdad8f713fa42b33f4 -> 
  custom:audio-encoder-webm-vorbis: bf7c407c2cedff20999df2af8eb42d56 -> 
  custom:framework-win-MediaFoundation: 216162199b28c13a410421893ffa2e32 -> 
  custom:container-demuxer-ogg: 62fdf1f143b41e24485cea50d1cbac27 -> 
  custom:video-decoder-webm-vp8: 9c59270c3fd7afecdb556c50c9e8de78 -> 
  custom:audio-decoder-ogg-vorbis: bf7c407c2cedff20999df2af8eb42d56 -> 
========================================================================
Received Import Request.
  Time since last request: 37.808739 seconds.
  path: Assets/Voxelizer/Scripts/GPUVoxelizer.cs
  artifactKey: Guid(210c7cf8506064102b21ab6e410cbd5b) Importer(815301076,1909f56bfc062723c751e8b465ee728b)
Start importing Assets/Voxelizer/Scripts/GPUVoxelizer.cs using Guid(210c7cf8506064102b21ab6e410cbd5b) Importer(815301076,1909f56bfc062723c751e8b465ee728b)  -> (artifact id: 'c570051b2d6c33d26be38c8593fa34f1') in 0.007100 seconds 
========================================================================
Received Import Request.
  Time since last request: 880.262020 seconds.
  path: Assets/Voxelizer/Scripts/VoxelMesh.cs
  artifactKey: Guid(dd46024348ce23b44a71e21097d94610) Importer(815301076,1909f56bfc062723c751e8b465ee728b)
Start importing Assets/Voxelizer/Scripts/VoxelMesh.cs using Guid(dd46024348ce23b44a71e21097d94610) Importer(815301076,1909f56bfc062723c751e8b465ee728b)  -> (artifact id: 'a9b0fa5b99fca5b46b730eb62479be1b') in 0.002185 seconds 
========================================================================
Received Import Request.
  Time since last request: 16.152559 seconds.
  path: Assets/packages.config
  artifactKey: Guid(f67e9bc9eeffb5541b1fd84b4b32e3d9) Importer(815301076,1909f56bfc062723c751e8b465ee728b)
Start importing Assets/packages.config using Guid(f67e9bc9eeffb5541b1fd84b4b32e3d9) Importer(815301076,1909f56bfc062723c751e8b465ee728b)  -> (artifact id: '91bddac9f3b3d45d26dacfe4ff7cb66b') in 0.015741 seconds 
========================================================================
Received Import Request.
  Time since last request: 0.695037 seconds.
  path: Assets/Scene.unity
  artifactKey: Guid(135169294a88ebe4f8dd593175968888) Importer(815301076,1909f56bfc062723c751e8b465ee728b)
Start importing Assets/Scene.unity using Guid(135169294a88ebe4f8dd593175968888) Importer(815301076,1909f56bfc062723c751e8b465ee728b)  -> (artifact id: 'a458535522db17a226565bc74101ae10') in 0.002130 seconds 
========================================================================
Received Import Request.
  Time since last request: 31.463741 seconds.
  path: Assets/Resources/Voxelizer.compute
  artifactKey: Guid(5fdfd9c0be0cd42fca24f981cc152dd4) Importer(815301076,1909f56bfc062723c751e8b465ee728b)
Start importing Assets/Resources/Voxelizer.compute using Guid(5fdfd9c0be0cd42fca24f981cc152dd4) Importer(815301076,1909f56bfc062723c751e8b465ee728b)  -> (artifact id: '01453585459ed96e02409478468c0b3c') in 0.006416 seconds 
========================================================================
Received Prepare
Registering precompiled user dll's ...
Registered in 0.017626 seconds.
Begin MonoManager ReloadAssembly
Symbol file LoadedFromMemory doesn't match image C:\Users\macyc\Downloads\FYP-GIB3-Legolization-using-Lego-Plates\Library\PackageCache\com.unity.visualscripting@1.8.0\Editor\VisualScripting.Core\Dependencies\YamlDotNet\Unity.VisualScripting.YamlDotNet.dll
Symbol file LoadedFromMemory doesn't match image C:\Users\macyc\Downloads\FYP-GIB3-Legolization-using-Lego-Plates\Library\PackageCache\com.unity.visualscripting@1.8.0\Editor\VisualScripting.Core\Dependencies\DotNetZip\Unity.VisualScripting.IonicZip.dll
Native extension for WindowsStandalone target not found
Native extension for WebGL target not found
Refreshing native plugins compatible for Editor in 1.59 ms, found 5 plugins.
Preloading 0 native plugins for Editor in 0.00 ms.
Mono: successfully reloaded assembly
- Completed reload, in  1.498 seconds
Domain Reload Profiling:
	ReloadAssembly (1499ms)
		BeginReloadAssembly (171ms)
			ExecutionOrderSort (0ms)
			DisableScriptedObjects (4ms)
			BackupInstance (0ms)
			ReleaseScriptingObjects (0ms)
			CreateAndSetChildDomain (49ms)
		EndReloadAssembly (1155ms)
			LoadAssemblies (136ms)
			RebuildTransferFunctionScriptingTraits (0ms)
			SetupTypeCache (302ms)
			ReleaseScriptCaches (1ms)
			RebuildScriptCaches (37ms)
			SetupLoadedEditorAssemblies (524ms)
				LogAssemblyErrors (0ms)
				InitializePlatformSupportModulesInManaged (158ms)
				SetLoadedEditorAssemblies (1ms)
				RefreshPlugins (2ms)
				BeforeProcessingInitializeOnLoad (99ms)
				ProcessInitializeOnLoadAttributes (237ms)
				ProcessInitializeOnLoadMethodAttributes (17ms)
				AfterProcessingInitializeOnLoad (10ms)
				EditorAssembliesLoaded (0ms)
			ExecutionOrderSort2 (0ms)
			AwakeInstancesAfterBackupRestoration (5ms)
Platform modules already initialized, skipping
Refreshing native plugins compatible for Editor in 3.21 ms, found 5 plugins.
Preloading 0 native plugins for Editor in 0.00 ms.
Unloading 3294 Unused Serialized files (Serialized files now loaded: 0)
Unloading 42 unused Assets / (280.8 KB). Loaded Objects now: 3857.
Memory consumption went from 121.3 MB to 121.0 MB.
Total: 2.743900 ms (FindLiveObjects: 0.254900 ms CreateObjectMapping: 0.172400 ms MarkObjects: 2.242900 ms  DeleteObjects: 0.072700 ms)

AssetImportParameters requested are different than current active one (requested -> active):
  custom:video-decoder-ogg-theora: a1e56fd34408186e4bbccfd4996cb3dc -> 
  custom:container-muxer-webm: aa71ff27fc2769a1b78a27578f13a17b -> 
  custom:container-demuxer-webm: 4f35f7cbe854078d1ac9338744f61a02 -> 
  custom:video-encoder-webm-vp8: eb34c28f22e8b96e1ab97ce403110664 -> 
  custom:video-codec-MediaFoundation-h265: 746d11721c4dcdbdad8f713fa42b33f4 -> 
  custom:audio-encoder-webm-vorbis: bf7c407c2cedff20999df2af8eb42d56 -> 
  custom:framework-win-MediaFoundation: 216162199b28c13a410421893ffa2e32 -> 
  custom:container-demuxer-ogg: 62fdf1f143b41e24485cea50d1cbac27 -> 
  custom:video-decoder-webm-vp8: 9c59270c3fd7afecdb556c50c9e8de78 -> 
  custom:audio-decoder-ogg-vorbis: bf7c407c2cedff20999df2af8eb42d56 -> 
========================================================================
Received Import Request.
  Time since last request: 158.592858 seconds.
  path: Assets/Voxelizer/Scripts/Kernel.cs
  artifactKey: Guid(34d6c3858dfd14569b3ff6d0a3405425) Importer(815301076,1909f56bfc062723c751e8b465ee728b)
Start importing Assets/Voxelizer/Scripts/Kernel.cs using Guid(34d6c3858dfd14569b3ff6d0a3405425) Importer(815301076,1909f56bfc062723c751e8b465ee728b)  -> (artifact id: '3c847d5824bf1706724bb60cd8413dbe') in 0.085396 seconds 
========================================================================
Received Import Request.
  Time since last request: 871.659703 seconds.
  path: Assets/Voxelizer/Scripts/GPUVoxelizer.cs
  artifactKey: Guid(210c7cf8506064102b21ab6e410cbd5b) Importer(815301076,1909f56bfc062723c751e8b465ee728b)
Start importing Assets/Voxelizer/Scripts/GPUVoxelizer.cs using Guid(210c7cf8506064102b21ab6e410cbd5b) Importer(815301076,1909f56bfc062723c751e8b465ee728b)  -> (artifact id: 'a79c531e1d30242eef3eab7650ca847e') in 0.003128 seconds 
========================================================================
Received Import Request.
  Time since last request: 57.377245 seconds.
  path: Assets/Voxelizer/Scripts/GPUVoxelizer.cs
  artifactKey: Guid(210c7cf8506064102b21ab6e410cbd5b) Importer(815301076,1909f56bfc062723c751e8b465ee728b)
Start importing Assets/Voxelizer/Scripts/GPUVoxelizer.cs using Guid(210c7cf8506064102b21ab6e410cbd5b) Importer(815301076,1909f56bfc062723c751e8b465ee728b)  -> (artifact id: '826e117271ca57cbf177b47926b048c8') in 0.001670 seconds 
========================================================================
Received Import Request.
  Time since last request: 34.459646 seconds.
  path: Assets/Voxelizer/Scripts/GPUVoxelizer.cs
  artifactKey: Guid(210c7cf8506064102b21ab6e410cbd5b) Importer(815301076,1909f56bfc062723c751e8b465ee728b)
Start importing Assets/Voxelizer/Scripts/GPUVoxelizer.cs using Guid(210c7cf8506064102b21ab6e410cbd5b) Importer(815301076,1909f56bfc062723c751e8b465ee728b)  -> (artifact id: 'c863a44f4eb39c069dd76e8b04e6dfa3') in 0.001718 seconds 
========================================================================
Received Import Request.
  Time since last request: 49.048598 seconds.
  path: Assets/Voxelizer/Scripts/GPUVoxelizer.cs
  artifactKey: Guid(210c7cf8506064102b21ab6e410cbd5b) Importer(815301076,1909f56bfc062723c751e8b465ee728b)
Start importing Assets/Voxelizer/Scripts/GPUVoxelizer.cs using Guid(210c7cf8506064102b21ab6e410cbd5b) Importer(815301076,1909f56bfc062723c751e8b465ee728b)  -> (artifact id: '203ff10bd4799a4318ce0c6aebc54a3b') in 0.002504 seconds 
========================================================================
Received Import Request.
  Time since last request: 38.592122 seconds.
  path: Assets/Voxelizer/Scripts/GPUVoxelizer.cs
  artifactKey: Guid(210c7cf8506064102b21ab6e410cbd5b) Importer(815301076,1909f56bfc062723c751e8b465ee728b)
Start importing Assets/Voxelizer/Scripts/GPUVoxelizer.cs using Guid(210c7cf8506064102b21ab6e410cbd5b) Importer(815301076,1909f56bfc062723c751e8b465ee728b)  -> (artifact id: '48d1abe071b4f0e1aa4163fb9741a1e3') in 0.002113 seconds 
========================================================================
Received Import Request.
  Time since last request: 35.899001 seconds.
  path: Assets/Voxelizer/Scripts/GPUVoxelizer.cs
  artifactKey: Guid(210c7cf8506064102b21ab6e410cbd5b) Importer(815301076,1909f56bfc062723c751e8b465ee728b)
Start importing Assets/Voxelizer/Scripts/GPUVoxelizer.cs using Guid(210c7cf8506064102b21ab6e410cbd5b) Importer(815301076,1909f56bfc062723c751e8b465ee728b)  -> (artifact id: '2bcf7f5472551529d5e052b4f3b9ec04') in 0.001610 seconds 
========================================================================
Received Import Request.
  Time since last request: 69.690508 seconds.
  path: Assets/Voxelizer/Scripts/GPUVoxelizer.cs
  artifactKey: Guid(210c7cf8506064102b21ab6e410cbd5b) Importer(815301076,1909f56bfc062723c751e8b465ee728b)
Start importing Assets/Voxelizer/Scripts/GPUVoxelizer.cs using Guid(210c7cf8506064102b21ab6e410cbd5b) Importer(815301076,1909f56bfc062723c751e8b465ee728b)  -> (artifact id: '5c18b84fbb45dde36e59815f8d8cdf6c') in 0.002706 seconds 
========================================================================
Received Import Request.
  Time since last request: 16.599318 seconds.
  path: Assets/Voxelizer/Scripts/GPUVoxelizer.cs
  artifactKey: Guid(210c7cf8506064102b21ab6e410cbd5b) Importer(815301076,1909f56bfc062723c751e8b465ee728b)
Start importing Assets/Voxelizer/Scripts/GPUVoxelizer.cs using Guid(210c7cf8506064102b21ab6e410cbd5b) Importer(815301076,1909f56bfc062723c751e8b465ee728b)  -> (artifact id: '8d8b879cd85de43e3f89baf1af028ff8') in 0.002233 seconds 
========================================================================
Received Import Request.
  Time since last request: 43.491743 seconds.
  path: Assets/Voxelizer/Scripts/GPUVoxelizer.cs
  artifactKey: Guid(210c7cf8506064102b21ab6e410cbd5b) Importer(815301076,1909f56bfc062723c751e8b465ee728b)
Start importing Assets/Voxelizer/Scripts/GPUVoxelizer.cs using Guid(210c7cf8506064102b21ab6e410cbd5b) Importer(815301076,1909f56bfc062723c751e8b465ee728b)  -> (artifact id: 'e4d955eb995d6c1c4e7bb6d8ea557cc3') in 0.001830 seconds 
========================================================================
Received Import Request.
  Time since last request: 45.099348 seconds.
  path: Assets/Voxelizer/Scripts/GPUVoxelizer.cs
  artifactKey: Guid(210c7cf8506064102b21ab6e410cbd5b) Importer(815301076,1909f56bfc062723c751e8b465ee728b)
Start importing Assets/Voxelizer/Scripts/GPUVoxelizer.cs using Guid(210c7cf8506064102b21ab6e410cbd5b) Importer(815301076,1909f56bfc062723c751e8b465ee728b)  -> (artifact id: '7f04acd5c758edb1cb0ccdccfcbadf3c') in 0.001675 seconds 
========================================================================
Received Prepare
Registering precompiled user dll's ...
Registered in 0.017984 seconds.
Begin MonoManager ReloadAssembly
Symbol file LoadedFromMemory doesn't match image C:\Users\macyc\Downloads\FYP-GIB3-Legolization-using-Lego-Plates\Library\PackageCache\com.unity.visualscripting@1.8.0\Editor\VisualScripting.Core\Dependencies\YamlDotNet\Unity.VisualScripting.YamlDotNet.dll
Symbol file LoadedFromMemory doesn't match image C:\Users\macyc\Downloads\FYP-GIB3-Legolization-using-Lego-Plates\Library\PackageCache\com.unity.visualscripting@1.8.0\Editor\VisualScripting.Core\Dependencies\DotNetZip\Unity.VisualScripting.IonicZip.dll
Native extension for WindowsStandalone target not found
Native extension for WebGL target not found
Refreshing native plugins compatible for Editor in 0.89 ms, found 5 plugins.
Preloading 0 native plugins for Editor in 0.00 ms.
Mono: successfully reloaded assembly
- Completed reload, in  1.839 seconds
Domain Reload Profiling:
	ReloadAssembly (1839ms)
		BeginReloadAssembly (488ms)
			ExecutionOrderSort (0ms)
			DisableScriptedObjects (5ms)
			BackupInstance (0ms)
			ReleaseScriptingObjects (0ms)
			CreateAndSetChildDomain (54ms)
		EndReloadAssembly (1206ms)
			LoadAssemblies (422ms)
			RebuildTransferFunctionScriptingTraits (0ms)
			SetupTypeCache (327ms)
			ReleaseScriptCaches (1ms)
			RebuildScriptCaches (35ms)
			SetupLoadedEditorAssemblies (695ms)
				LogAssemblyErrors (0ms)
				InitializePlatformSupportModulesInManaged (13ms)
				SetLoadedEditorAssemblies (0ms)
				RefreshPlugins (1ms)
				BeforeProcessingInitializeOnLoad (360ms)
				ProcessInitializeOnLoadAttributes (270ms)
				ProcessInitializeOnLoadMethodAttributes (34ms)
				AfterProcessingInitializeOnLoad (17ms)
				EditorAssembliesLoaded (0ms)
			ExecutionOrderSort2 (0ms)
			AwakeInstancesAfterBackupRestoration (10ms)
Platform modules already initialized, skipping
Refreshing native plugins compatible for Editor in 3.22 ms, found 5 plugins.
Preloading 0 native plugins for Editor in 0.00 ms.
Unloading 3294 Unused Serialized files (Serialized files now loaded: 0)
Unloading 42 unused Assets / (280.7 KB). Loaded Objects now: 3872.
Memory consumption went from 121.3 MB to 121.1 MB.
Total: 3.164100 ms (FindLiveObjects: 0.243300 ms CreateObjectMapping: 0.167200 ms MarkObjects: 2.678600 ms  DeleteObjects: 0.074300 ms)

AssetImportParameters requested are different than current active one (requested -> active):
  custom:video-decoder-ogg-theora: a1e56fd34408186e4bbccfd4996cb3dc -> 
  custom:container-muxer-webm: aa71ff27fc2769a1b78a27578f13a17b -> 
  custom:container-demuxer-webm: 4f35f7cbe854078d1ac9338744f61a02 -> 
  custom:video-encoder-webm-vp8: eb34c28f22e8b96e1ab97ce403110664 -> 
  custom:video-codec-MediaFoundation-h265: 746d11721c4dcdbdad8f713fa42b33f4 -> 
  custom:audio-encoder-webm-vorbis: bf7c407c2cedff20999df2af8eb42d56 -> 
  custom:framework-win-MediaFoundation: 216162199b28c13a410421893ffa2e32 -> 
  custom:container-demuxer-ogg: 62fdf1f143b41e24485cea50d1cbac27 -> 
  custom:video-decoder-webm-vp8: 9c59270c3fd7afecdb556c50c9e8de78 -> 
  custom:audio-decoder-ogg-vorbis: bf7c407c2cedff20999df2af8eb42d56 -> 
========================================================================
Received Prepare
Registering precompiled user dll's ...
Registered in 0.014885 seconds.
Begin MonoManager ReloadAssembly
Symbol file LoadedFromMemory doesn't match image C:\Users\macyc\Downloads\FYP-GIB3-Legolization-using-Lego-Plates\Library\PackageCache\com.unity.visualscripting@1.8.0\Editor\VisualScripting.Core\Dependencies\YamlDotNet\Unity.VisualScripting.YamlDotNet.dll
Symbol file LoadedFromMemory doesn't match image C:\Users\macyc\Downloads\FYP-GIB3-Legolization-using-Lego-Plates\Library\PackageCache\com.unity.visualscripting@1.8.0\Editor\VisualScripting.Core\Dependencies\DotNetZip\Unity.VisualScripting.IonicZip.dll
Native extension for WindowsStandalone target not found
Native extension for WebGL target not found
Refreshing native plugins compatible for Editor in 0.83 ms, found 5 plugins.
Preloading 0 native plugins for Editor in 0.00 ms.
Mono: successfully reloaded assembly
- Completed reload, in  1.298 seconds
Domain Reload Profiling:
	ReloadAssembly (1299ms)
		BeginReloadAssembly (134ms)
			ExecutionOrderSort (0ms)
			DisableScriptedObjects (4ms)
			BackupInstance (0ms)
			ReleaseScriptingObjects (0ms)
			CreateAndSetChildDomain (38ms)
		EndReloadAssembly (1070ms)
			LoadAssemblies (88ms)
			RebuildTransferFunctionScriptingTraits (0ms)
			SetupTypeCache (587ms)
			ReleaseScriptCaches (1ms)
			RebuildScriptCaches (38ms)
			SetupLoadedEditorAssemblies (316ms)
				LogAssemblyErrors (0ms)
				InitializePlatformSupportModulesInManaged (14ms)
				SetLoadedEditorAssemblies (0ms)
				RefreshPlugins (1ms)
				BeforeProcessingInitializeOnLoad (75ms)
				ProcessInitializeOnLoadAttributes (200ms)
				ProcessInitializeOnLoadMethodAttributes (17ms)
				AfterProcessingInitializeOnLoad (9ms)
				EditorAssembliesLoaded (0ms)
			ExecutionOrderSort2 (0ms)
			AwakeInstancesAfterBackupRestoration (5ms)
Platform modules already initialized, skipping
Refreshing native plugins compatible for Editor in 4.93 ms, found 5 plugins.
Preloading 0 native plugins for Editor in 0.00 ms.
Unloading 3294 Unused Serialized files (Serialized files now loaded: 0)
Unloading 42 unused Assets / (280.7 KB). Loaded Objects now: 3887.
Memory consumption went from 121.3 MB to 121.1 MB.
Total: 4.000200 ms (FindLiveObjects: 0.533400 ms CreateObjectMapping: 0.146900 ms MarkObjects: 3.201000 ms  DeleteObjects: 0.116900 ms)

AssetImportParameters requested are different than current active one (requested -> active):
  custom:video-decoder-ogg-theora: a1e56fd34408186e4bbccfd4996cb3dc -> 
  custom:container-muxer-webm: aa71ff27fc2769a1b78a27578f13a17b -> 
  custom:container-demuxer-webm: 4f35f7cbe854078d1ac9338744f61a02 -> 
  custom:video-encoder-webm-vp8: eb34c28f22e8b96e1ab97ce403110664 -> 
  custom:video-codec-MediaFoundation-h265: 746d11721c4dcdbdad8f713fa42b33f4 -> 
  custom:audio-encoder-webm-vorbis: bf7c407c2cedff20999df2af8eb42d56 -> 
  custom:framework-win-MediaFoundation: 216162199b28c13a410421893ffa2e32 -> 
  custom:container-demuxer-ogg: 62fdf1f143b41e24485cea50d1cbac27 -> 
  custom:video-decoder-webm-vp8: 9c59270c3fd7afecdb556c50c9e8de78 -> 
  custom:audio-decoder-ogg-vorbis: bf7c407c2cedff20999df2af8eb42d56 -> 
